#
# There is insufficient memory for the Java Runtime Environment to continue.
# Native memory allocation (mmap) failed to map 65011712 bytes for Failed to commit area from 0x00000000c2200000 to 0x00000000c6000000 of length 65011712.
# Possible reasons:
#   The system is out of physical RAM or swap space
#   The process is running with CompressedOops enabled, and the Java Heap may be blocking the growth of the native heap
# Possible solutions:
#   Reduce memory load on the system
#   Increase physical memory or swap space
#   Check if swap backing store is full
#   Decrease Java heap size (-Xmx/-Xms)
#   Decrease number of Java threads
#   Decrease Java thread stack sizes (-Xss)
#   Set larger code cache with -XX:ReservedCodeCacheSize=
# This output file may be truncated or incomplete.
#
#  Out of Memory Error (t:/workspace/hotspot/src/os/windows/vm/os_windows.cpp:3357), pid=19236, tid=20736
#
# JRE version:  (9.0+11) (build )
# Java VM: Java HotSpot(TM) 64-Bit Server VM (9.0.4+11, mixed mode, tiered, compressed oops, g1 gc, windows-amd64)
# No core dump will be written. Minidumps are not enabled by default on client versions of Windows
#

---------------  S U M M A R Y ------------

Command Line: -javaagent:C:\Users\rockg\IntelliJ IDEA Community Edition 2017.3.4\lib\idea_rt.jar=54881:C:\Users\rockg\IntelliJ IDEA Community Edition 2017.3.4\bin -Dfile.encoding=UTF-8 graph.Driver

Host: Intel(R) Core(TM) i5-6200U CPU @ 2.30GHz, 4 cores, 3G,  Windows 10 , 64 bit Build 16299 (10.0.16299.15)
Time: Sun Apr 22 17:19:49 2018 им????ио??ив?и║б└ elapsed time: 0 seconds (0d 0h 0m 0s)

---------------  T H R E A D  ---------------

Current thread (0x000002205f992000):  JavaThread "Unknown thread" [_thread_in_vm, id=20736, stack(0x000000648d000000,0x000000648d100000)]

Stack: [0x000000648d000000,0x000000648d100000]
Native frames: (J=compiled Java code, j=interpreted, Vv=VM code, C=native code)
V  [jvm.dll+0x587068]
V  [jvm.dll+0x69c25e]
V  [jvm.dll+0x69d17a]
V  [jvm.dll+0x69d7b3]
V  [jvm.dll+0x21d198]
V  [jvm.dll+0x584bb4]
V  [jvm.dll+0x57a095]
V  [jvm.dll+0x2cd67b]
V  [jvm.dll+0x2cd5e3]
V  [jvm.dll+0x2cd4b2]
V  [jvm.dll+0x2cf4b3]
V  [jvm.dll+0x3191e3]
V  [jvm.dll+0x3198f6]
V  [jvm.dll+0x3192e3]
V  [jvm.dll+0x2adeb8]
V  [jvm.dll+0x2af0e7]
V  [jvm.dll+0x67b34d]
V  [jvm.dll+0x67c70c]
V  [jvm.dll+0x3269c9]
V  [jvm.dll+0x66555e]
V  [jvm.dll+0x391811]
V  [jvm.dll+0x3937c1]
C  [java.exe+0x34f1]
C  [java.exe+0xe24f]
C  [java.exe+0xe3f6]
C  [KERNEL32.DLL+0x11fe4]
C  [ntdll.dll+0x6f061]


---------------  P R O C E S S  ---------------

Java Threads: ( => current thread )

Other Threads:
  0x000002205f9a8000 GCTaskThread "GC Thread#0" [stack: 0x000000648d100000,0x000000648d200000] [id=20668]
  0x000002205f9a9800 GCTaskThread "GC Thread#1" [stack: 0x000000648d200000,0x000000648d300000] [id=21740]
  0x000002205f9ab000 GCTaskThread "GC Thread#2" [stack: 0x000000648d300000,0x000000648d400000] [id=22456]
  0x000002205f9ad800 GCTaskThread "GC Thread#3" [stack: 0x000000648d400000,0x000000648d500000] [id=14080]
  0x000002205f9f1800 ConcurrentGCThread "G1 Main Marker" [stack: 0x000000648da00000,0x000000648db00000] [id=16696]
  0x000002205f9f3800 ConcurrentGCThread "G1 Marker#0" [stack: 0x000000648db00000,0x000000648dc00000] [id=1344]
  0x000002205f9b6000 ConcurrentGCThread "G1 Refine#0" [stack: 0x000000648d800000,0x000000648d900000] [id=6824]
  0x000002205f9b4800 ConcurrentGCThread "G1 Refine#1" [stack: 0x000000648d700000,0x000000648d800000] [id=14484]
  0x000002205f9b2000 ConcurrentGCThread "G1 Refine#2" [stack: 0x000000648d600000,0x000000648d700000] [id=1520]
  0x000002205f9af000 ConcurrentGCThread "G1 Refine#3" [stack: 0x000000648d500000,0x000000648d600000] [id=2196]
  0x000002205f9b7000 ConcurrentGCThread "G1 Young RemSet Sampling" [stack: 0x000000648d900000,0x000000648da00000] [id=14512]

=>0x000002205f992000 (exited) JavaThread "Unknown thread" [_thread_in_vm, id=20736, stack(0x000000648d000000,0x000000648d100000)]

Threads with active compile tasks:

VM state:not at safepoint (not fully initialized)

VM Mutex/Monitor currently owned by a thread:  ([mutex/lock_event])
[0x000002205f98f4f0] Heap_lock - owner thread: 0x000002205f992000

Heap address: 0x00000000c2200000, size: 990 MB, Compressed Oops mode: Non-zero based: 0x00000000c2200000
Narrow klass base: 0x0000000000000000, Narrow klass shift: 0

GC Heap History (0 events):
No events

Deoptimization events (0 events):
No events

Classes redefined (0 events):
No events

Internal exceptions (0 events):
No events

Events (0 events):
No events


Dynamic libraries:
0x00007ff73fff0000 - 0x00007ff74002e000 	C:\Program Files\Java\jdk-9.0.4\bin\java.exe
0x00007ffcf7f80000 - 0x00007ffcf8160000 	C:\WINDOWS\SYSTEM32\ntdll.dll
0x00007ffcf5500000 - 0x00007ffcf55ae000 	C:\WINDOWS\System32\KERNEL32.DLL
0x00007ffcf50f0000 - 0x00007ffcf5356000 	C:\WINDOWS\System32\KERNELBASE.dll
0x00007ffcf5450000 - 0x00007ffcf54f1000 	C:\WINDOWS\System32\ADVAPI32.dll
0x00007ffcf55b0000 - 0x00007ffcf564d000 	C:\WINDOWS\System32\msvcrt.dll
0x00007ffcf7ef0000 - 0x00007ffcf7f4b000 	C:\WINDOWS\System32\sechost.dll
0x00007ffcf5650000 - 0x00007ffcf576f000 	C:\WINDOWS\System32\RPCRT4.dll
0x00007ffcf70c0000 - 0x00007ffcf724f000 	C:\WINDOWS\System32\USER32.dll
0x00007ffcf4fd0000 - 0x00007ffcf4ff0000 	C:\WINDOWS\System32\win32u.dll
0x00007ffcf7eb0000 - 0x00007ffcf7ed8000 	C:\WINDOWS\System32\GDI32.dll
0x00007ffcf4e30000 - 0x00007ffcf4fc3000 	C:\WINDOWS\System32\gdi32full.dll
0x00007ffcf5360000 - 0x00007ffcf53fb000 	C:\WINDOWS\System32\msvcp_win.dll
0x00007ffcf4ff0000 - 0x00007ffcf50e6000 	C:\WINDOWS\System32\ucrtbase.dll
0x00007ffce8570000 - 0x00007ffce87d9000 	C:\WINDOWS\WinSxS\amd64_microsoft.windows.common-controls_6595b64144ccf1df_6.0.16299.371_none_15c7d1789365a290\COMCTL32.dll
0x00007ffcf7900000 - 0x00007ffcf7c08000 	C:\WINDOWS\System32\combase.dll
0x00007ffcf43e0000 - 0x00007ffcf4452000 	C:\WINDOWS\System32\bcryptPrimitives.dll
0x00007ffce7980000 - 0x00007ffce798a000 	C:\WINDOWS\SYSTEM32\VERSION.dll
0x00007ffcf6ec0000 - 0x00007ffcf6eed000 	C:\WINDOWS\System32\IMM32.DLL
0x00007ffce4000000 - 0x00007ffce40ef000 	C:\Program Files\Java\jdk-9.0.4\bin\msvcr120.dll
0x00007ffce3f50000 - 0x00007ffce3ff6000 	C:\Program Files\Java\jdk-9.0.4\bin\msvcp120.dll
0x0000000060ad0000 - 0x00000000614f5000 	C:\Program Files\Java\jdk-9.0.4\bin\server\jvm.dll
0x00007ffcf7ee0000 - 0x00007ffcf7ee8000 	C:\WINDOWS\System32\PSAPI.DLL
0x00007ffcf2f80000 - 0x00007ffcf2f89000 	C:\WINDOWS\SYSTEM32\WSOCK32.dll
0x00007ffcf21c0000 - 0x00007ffcf21e3000 	C:\WINDOWS\SYSTEM32\WINMM.dll
0x00007ffcf7e20000 - 0x00007ffcf7e8c000 	C:\WINDOWS\System32\WS2_32.dll
0x00007ffcf1e90000 - 0x00007ffcf1eba000 	C:\WINDOWS\SYSTEM32\winmmbase.dll
0x00007ffcf5400000 - 0x00007ffcf544a000 	C:\WINDOWS\System32\cfgmgr32.dll
0x00007ffcf0b20000 - 0x00007ffcf0b2f000 	C:\Program Files\Java\jdk-9.0.4\bin\verify.dll
0x00007ffce3f20000 - 0x00007ffce3f47000 	C:\Program Files\Java\jdk-9.0.4\bin\java.dll
0x00007ffce38c0000 - 0x00007ffce38ea000 	C:\Program Files\Java\jdk-9.0.4\bin\instrument.dll
0x00007ffce4910000 - 0x00007ffce4926000 	C:\Program Files\Java\jdk-9.0.4\bin\zip.dll
0x00007ffcefdc0000 - 0x00007ffcefdca000 	C:\Program Files\Java\jdk-9.0.4\bin\jimage.dll
0x00007ffcf2c60000 - 0x00007ffcf2e28000 	C:\WINDOWS\SYSTEM32\dbghelp.dll

VM Arguments:
jvm_args: -javaagent:C:\Users\rockg\IntelliJ IDEA Community Edition 2017.3.4\lib\idea_rt.jar=54881:C:\Users\rockg\IntelliJ IDEA Community Edition 2017.3.4\bin -Dfile.encoding=UTF-8 
java_command: graph.Driver
java_class_path (initial): C:\Users\rockg\IdeaProjects\project4-rockgu\out\production\project4-rockgu
Launcher Type: SUN_STANDARD

Logging:
Log output configuration:
#0: stdout all=warning uptime,level,tags
#1: stderr all=off uptime,level,tags

Environment Variables:
PATH=C:\ProgramData\Oracle\Java\javapath;C:\Program Files\Dell\DW WLAN Card;C:\Program Files (x86)\Intel\iCLS Client\;C:\Program Files\Intel\iCLS Client\;C:\WINDOWS\system32;C:\WINDOWS;C:\WINDOWS\System32\Wbem;C:\WINDOWS\System32\WindowsPowerShell\v1.0\;C:\Program Files (x86)\Intel\Intel(R) Management Engine Components\DAL;C:\Program Files\Intel\Intel(R) Management Engine Components\DAL;C:\Program Files (x86)\Intel\Intel(R) Management Engine Components\IPT;C:\Program Files\Intel\Intel(R) Management Engine Components\IPT;c:\Program Files\WIDCOMM\Bluetooth Software\;c:\Program Files\WIDCOMM\Bluetooth Software\syswow64;C:\Program Files (x86)\Git\cmd;C:\Users\rockg\Anaconda3;C:\Users\rockg\Anaconda3\Library\mingw-w64\bin;C:\Users\rockg\Anaconda3\Library\usr\bin;C:\Users\rockg\Anaconda3\Library\bin;C:\Users\rockg\Anaconda3\Scripts;C:\Users\rockg\AppData\Local\Programs\Python\Python36-32\Scripts\;C:\Users\rockg\AppData\Local\Programs\Python\Python36-32\;C:\Users\rockg\AppData\Local\Microsoft\WindowsApps;C:\Users\rockg\AppData\Local\GitHubDesktop\bin
USERNAME=rockg
OS=Windows_NT
PROCESSOR_IDENTIFIER=Intel64 Family 6 Model 78 Stepping 3, GenuineIntel



---------------  S Y S T E M  ---------------

OS: Windows 10 , 64 bit Build 16299 (10.0.16299.15)

CPU:total 4 (initial active 4) (2 cores per cpu, 2 threads per core) family 6 model 78 stepping 3, cmov, cx8, fxsr, mmx, sse, sse2, sse3, ssse3, sse4.1, sse4.2, popcnt, avx, avx2, aes, clmul, erms, 3dnowpref, lzcnt, ht, tsc, tscinvbit, bmi1, bmi2, adx, fma

Memory: 4k page, physical 4052952k(274560k free), swap 12894420k(46640k free)

vm_info: Java HotSpot(TM) 64-Bit Server VM (9.0.4+11) for windows-amd64 JRE (9.0.4+11), built on Dec 20 2017 02:18:54 by "mach5one" with MS VC++ 12.0 (VS2013)

END.
